#! /usr/bin/vvp
:ivl_version "10.3 (stable)";
:ivl_delay_selection "TYPICAL";
:vpi_time_precision + 0;
:vpi_module "system";
:vpi_module "vhdl_sys";
:vpi_module "v2005_math";
:vpi_module "va_math";
S_0x5629efe2a130 .scope module, "blinky_zybo_z7" "blinky_zybo_z7" 2 1;
 .timescale 0 0;
    .port_info 0 /INPUT 1 "clk"
    .port_info 1 /INPUT 1 "rst"
    .port_info 2 /INPUT 1 "ce"
    .port_info 3 /INPUT 2 "fatr"
    .port_info 4 /OUTPUT 6 "TREADY"
    .port_info 5 /INPUT 6 "tdata"
    .port_info 6 /INPUT 6 "thing"
P_0x5629efe2ba40 .param/l "blah" 0 2 3, +C4<00000000000000000000000000000010>;
P_0x5629efe2ba80 .param/l "random" 0 2 2, +C4<00000000000000000000000000010000>;
o0x7f3d96007198 .functor BUFZ 6, C4<zzzzzz>; HiZ drive
v0x5629efe64320_0 .net "TREADY", 9 4, o0x7f3d96007198;  0 drivers
o0x7f3d960071c8 .functor BUFZ 1, C4<z>; HiZ drive
v0x5629efe64400_0 .net "ce", 0 0, o0x7f3d960071c8;  0 drivers
o0x7f3d96007018 .functor BUFZ 1, C4<z>; HiZ drive
v0x5629efe644c0_0 .net "clk", 0 0, o0x7f3d96007018;  0 drivers
o0x7f3d960071f8 .functor BUFZ 2, C4<zz>; HiZ drive
v0x5629efe645e0_0 .net "fatr", 1 0, o0x7f3d960071f8;  0 drivers
RS_0x7f3d96007078 .resolv tri, v0x5629efe63c80_0, v0x5629efe64200_0;
v0x5629efe646a0_0 .net8 "q", 0 0, RS_0x7f3d96007078;  2 drivers
o0x7f3d96007228 .functor BUFZ 1, C4<z>; HiZ drive
v0x5629efe647e0_0 .net "rst", 0 0, o0x7f3d96007228;  0 drivers
o0x7f3d96007258 .functor BUFZ 6, C4<zzzzzz>; HiZ drive
v0x5629efe648a0_0 .net "tdata", 9 4, o0x7f3d96007258;  0 drivers
o0x7f3d96007288 .functor BUFZ 6, C4<zzzzzz>; HiZ drive
v0x5629efe64980_0 .net "thing", 9 4, o0x7f3d96007288;  0 drivers
S_0x5629efe51720 .scope module, "blinky" "blinky" 2 17, 3 1 0, S_0x5629efe2a130;
 .timescale 0 0;
    .port_info 0 /INPUT 1 "clk"
    .port_info 1 /OUTPUT 1 "q"
P_0x5629efe518a0 .param/l "clk_freq_hz" 0 3 2, +C4<00000111011100110101100101000000>;
v0x5629efe2e820_0 .net "clk", 0 0, o0x7f3d96007018;  alias, 0 drivers
v0x5629efe63ba0_0 .var "count", 26 0;
v0x5629efe63c80_0 .var "q", 0 0;
E_0x5629efe524f0 .event posedge, v0x5629efe2e820_0;
S_0x5629efe63db0 .scope module, "blinky_1" "blinky" 2 13, 3 1 0, S_0x5629efe2a130;
 .timescale 0 0;
    .port_info 0 /INPUT 1 "clk"
    .port_info 1 /OUTPUT 1 "q"
P_0x5629efe63f80 .param/l "clk_freq_hz" 0 3 2, +C4<00000111011100110101100101000000>;
v0x5629efe64050_0 .net "clk", 0 0, o0x7f3d96007018;  alias, 0 drivers
v0x5629efe64140_0 .var "count", 26 0;
v0x5629efe64200_0 .var "q", 0 0;
    .scope S_0x5629efe63db0;
T_0 ;
    %pushi/vec4 0, 0, 27;
    %store/vec4 v0x5629efe64140_0, 0, 27;
    %end;
    .thread T_0;
    .scope S_0x5629efe63db0;
T_1 ;
    %wait E_0x5629efe524f0;
    %load/vec4 v0x5629efe64140_0;
    %addi 1, 0, 27;
    %assign/vec4 v0x5629efe64140_0, 0;
    %load/vec4 v0x5629efe64140_0;
    %pad/u 32;
    %cmpi/e 124999999, 0, 32;
    %jmp/0xz  T_1.0, 4;
    %load/vec4 v0x5629efe64200_0;
    %nor/r;
    %assign/vec4 v0x5629efe64200_0, 0;
    %pushi/vec4 0, 0, 27;
    %assign/vec4 v0x5629efe64140_0, 0;
T_1.0 ;
    %jmp T_1;
    .thread T_1;
    .scope S_0x5629efe51720;
T_2 ;
    %pushi/vec4 0, 0, 27;
    %store/vec4 v0x5629efe63ba0_0, 0, 27;
    %end;
    .thread T_2;
    .scope S_0x5629efe51720;
T_3 ;
    %wait E_0x5629efe524f0;
    %load/vec4 v0x5629efe63ba0_0;
    %addi 1, 0, 27;
    %assign/vec4 v0x5629efe63ba0_0, 0;
    %load/vec4 v0x5629efe63ba0_0;
    %pad/u 32;
    %cmpi/e 124999999, 0, 32;
    %jmp/0xz  T_3.0, 4;
    %load/vec4 v0x5629efe63c80_0;
    %nor/r;
    %assign/vec4 v0x5629efe63c80_0, 0;
    %pushi/vec4 0, 0, 27;
    %assign/vec4 v0x5629efe63ba0_0, 0;
T_3.0 ;
    %jmp T_3;
    .thread T_3;
# The file index is used to find the file name in the following table.
:file_names 4;
    "N/A";
    "<interactive>";
    "rtl/top.v";
    "rtl/blink.v";
